Determining if the pthread_create exist failed with the following output:
Change Dir: /home/eec/Documents/Mouloud/Code_V2/catkin_ws/build-src-Desktop_Qt_5_9_1_GCC_64bit-Default/CMakeFiles/CMakeTmp

Run Build Command:/usr/bin/make "cmTryCompileExec1112392040/fast"
/usr/bin/make -f CMakeFiles/cmTryCompileExec1112392040.dir/build.make CMakeFiles/cmTryCompileExec1112392040.dir/build
make[1]: Entering directory `/home/eec/Documents/Mouloud/Code_V2/catkin_ws/build-src-Desktop_Qt_5_9_1_GCC_64bit-Default/CMakeFiles/CMakeTmp'
/usr/bin/cmake -E cmake_progress_report /home/eec/Documents/Mouloud/Code_V2/catkin_ws/build-src-Desktop_Qt_5_9_1_GCC_64bit-Default/CMakeFiles/CMakeTmp/CMakeFiles 1
Building C object CMakeFiles/cmTryCompileExec1112392040.dir/CheckSymbolExists.c.o
/usr/bin/gcc    -o CMakeFiles/cmTryCompileExec1112392040.dir/CheckSymbolExists.c.o   -c /home/eec/Documents/Mouloud/Code_V2/catkin_ws/build-src-Desktop_Qt_5_9_1_GCC_64bit-Default/CMakeFiles/CMakeTmp/CheckSymbolExists.c
Linking C executable cmTryCompileExec1112392040
/usr/bin/cmake -E cmake_link_script CMakeFiles/cmTryCompileExec1112392040.dir/link.txt --verbose=1
/usr/bin/gcc       CMakeFiles/cmTryCompileExec1112392040.dir/CheckSymbolExists.c.o  -o cmTryCompileExec1112392040 -rdynamic 
CMakeFiles/cmTryCompileExec1112392040.dir/CheckSymbolExists.c.o: In function `main':
CheckSymbolExists.c:(.text+0x16): undefined reference to `pthread_create'
collect2: error: ld returned 1 exit status
make[1]: Leaving directory `/home/eec/Documents/Mouloud/Code_V2/catkin_ws/build-src-Desktop_Qt_5_9_1_GCC_64bit-Default/CMakeFiles/CMakeTmp'
make[1]: *** [cmTryCompileExec1112392040] Error 1
make: *** [cmTryCompileExec1112392040/fast] Error 2

File /home/eec/Documents/Mouloud/Code_V2/catkin_ws/build-src-Desktop_Qt_5_9_1_GCC_64bit-Default/CMakeFiles/CMakeTmp/CheckSymbolExists.c:
/* */
#include <pthread.h>

int main(int argc, char** argv)
{
  (void)argv;
#ifndef pthread_create
  return ((int*)(&pthread_create))[argc];
#else
  (void)argc;
  return 0;
#endif
}

Determining if the function pthread_create exists in the pthreads failed with the following output:
Change Dir: /home/eec/Documents/Mouloud/Code_V2/catkin_ws/build-src-Desktop_Qt_5_9_1_GCC_64bit-Default/CMakeFiles/CMakeTmp

Run Build Command:/usr/bin/make "cmTryCompileExec2373065936/fast"
/usr/bin/make -f CMakeFiles/cmTryCompileExec2373065936.dir/build.make CMakeFiles/cmTryCompileExec2373065936.dir/build
make[1]: Entering directory `/home/eec/Documents/Mouloud/Code_V2/catkin_ws/build-src-Desktop_Qt_5_9_1_GCC_64bit-Default/CMakeFiles/CMakeTmp'
/usr/bin/cmake -E cmake_progress_report /home/eec/Documents/Mouloud/Code_V2/catkin_ws/build-src-Desktop_Qt_5_9_1_GCC_64bit-Default/CMakeFiles/CMakeTmp/CMakeFiles 1
Building C object CMakeFiles/cmTryCompileExec2373065936.dir/CheckFunctionExists.c.o
/usr/bin/gcc   -DCHECK_FUNCTION_EXISTS=pthread_create   -o CMakeFiles/cmTryCompileExec2373065936.dir/CheckFunctionExists.c.o   -c /usr/share/cmake-2.8/Modules/CheckFunctionExists.c
Linking C executable cmTryCompileExec2373065936
/usr/bin/cmake -E cmake_link_script CMakeFiles/cmTryCompileExec2373065936.dir/link.txt --verbose=1
/usr/bin/gcc   -DCHECK_FUNCTION_EXISTS=pthread_create    CMakeFiles/cmTryCompileExec2373065936.dir/CheckFunctionExists.c.o  -o cmTryCompileExec2373065936 -rdynamic -lpthreads 
/usr/bin/ld: cannot find -lpthreads
collect2: error: ld returned 1 exit status
make[1]: *** [cmTryCompileExec2373065936] Error 1
make[1]: Leaving directory `/home/eec/Documents/Mouloud/Code_V2/catkin_ws/build-src-Desktop_Qt_5_9_1_GCC_64bit-Default/CMakeFiles/CMakeTmp'
make: *** [cmTryCompileExec2373065936/fast] Error 2


